{"/Users/krisnafirdaus/Desktop/test-jest/controllers/baseControllers.js": {"path":"/Users/krisnafirdaus/Desktop/test-jest/controllers/baseControllers.js","all":false,"statementMap":{"0":{"start":{"line":1,"column":0},"end":{"line":1,"column":18}},"1":{"start":{"line":2,"column":0},"end":{"line":2,"column":24}},"2":{"start":{"line":3,"column":0},"end":{"line":3,"column":26}},"3":{"start":{"line":4,"column":0},"end":{"line":4,"column":19}},"4":{"start":{"line":5,"column":0},"end":{"line":5,"column":29}},"5":{"start":{"line":6,"column":0},"end":{"line":6,"column":7}},"6":{"start":{"line":7,"column":0},"end":{"line":7,"column":4}},"7":{"start":{"line":8,"column":0},"end":{"line":8,"column":2}}},"s":{"0":1,"1":1,"2":1,"3":1,"4":1,"5":1,"6":1,"7":1},"branchMap":{"0":{"type":"branch","line":2,"loc":{"start":{"line":2,"column":9},"end":{"line":7,"column":4}},"locations":[{"start":{"line":2,"column":9},"end":{"line":7,"column":4}}]}},"b":{"0":[1]},"fnMap":{"0":{"name":"index","decl":{"start":{"line":2,"column":9},"end":{"line":7,"column":4}},"loc":{"start":{"line":2,"column":9},"end":{"line":7,"column":4}},"line":2}},"f":{"0":1}}
}
